<?xml version="1.0" encoding="UTF-8"?>
<testsuite xmlns:xsi="http://www.w3.org/2001/XMLSchema-instance" xsi:noNamespaceSchemaLocation="https://maven.apache.org/surefire/maven-surefire-plugin/xsd/surefire-test-report-3.0.xsd" version="3.0" name="com.logwire.RunCucumberTest" time="191.468" tests="29" errors="0" skipped="22" failures="0">
  <properties>
[...]
</properties>
  <testcase name="ajouter les produits aux panier" classname="Panier" time="0">
    <skipped message="&apos;cucumber.filter.tags=@login&apos; did not match this scenario"/>
  </testcase>
  <testcase name="valider les achat" classname="Panier" time="0">
    <skipped message="&apos;cucumber.filter.tags=@login&apos; did not match this scenario"/>
  </testcase>
  <testcase name="ne pas continuer si aucun article est ajoute" classname="Panier" time="0">
    <skipped message="&apos;cucumber.filter.tags=@login&apos; did not match this scenario"/>
  </testcase>
  <testcase name="informations valides" classname="checkout" time="0">
    <skipped message="&apos;cucumber.filter.tags=@login&apos; did not match this scenario"/>
  </testcase>
  <testcase name="fomulaire rempli avec des espace" classname="checkout" time="0">
    <skipped message="&apos;cucumber.filter.tags=@login&apos; did not match this scenario"/>
  </testcase>
  <testcase name="Example #1.1" classname="Examples" time="0">
    <skipped message="&apos;cucumber.filter.tags=@login&apos; did not match this scenario"/>
  </testcase>
  <testcase name="Example #1.1" classname="Examples" time="29.382">
    <system-err><![CDATA[mars 10, 2025 11:40:57 AM org.openqa.selenium.remote.tracing.opentelemetry.OpenTelemetryTracer createTracer
INFO: Using OpenTelemetry for tracing
]]></system-err>
  </testcase>
  <testcase name="Example #1.1" classname="Examples" time="24.189"/>
  <testcase name="Example #1.1" classname="Examples" time="0">
    <skipped message="&apos;cucumber.filter.tags=@login&apos; did not match this scenario"/>
  </testcase>
  <testcase name="Example #1.2" classname="Examples" time="0">
    <skipped message="&apos;cucumber.filter.tags=@login&apos; did not match this scenario"/>
  </testcase>
  <testcase name="Example #1.2" classname="Examples" time="25.593"/>
  <testcase name="Example #1.2" classname="Examples" time="26.879"/>
  <testcase name="Example #1.2" classname="Examples" time="0">
    <skipped message="&apos;cucumber.filter.tags=@login&apos; did not match this scenario"/>
  </testcase>
  <testcase name="Example #1.3" classname="Examples" time="0">
    <skipped message="&apos;cucumber.filter.tags=@login&apos; did not match this scenario"/>
  </testcase>
  <testcase name="Example #1.3" classname="Examples" time="28.97"/>
  <testcase name="Example #1.3" classname="Examples" time="0">
    <skipped message="&apos;cucumber.filter.tags=@login&apos; did not match this scenario"/>
  </testcase>
  <testcase name="Example #1.4" classname="Examples" time="0">
    <skipped message="&apos;cucumber.filter.tags=@login&apos; did not match this scenario"/>
  </testcase>
  <testcase name="Example #1.4" classname="Examples" time="25.302"/>
  <testcase name="Example #1.4" classname="Examples" time="0">
    <skipped message="&apos;cucumber.filter.tags=@login&apos; did not match this scenario"/>
  </testcase>
  <testcase name="Example #1.5" classname="Examples" time="24.549"/>
  <testcase name="calcul du totale hors tax" classname="checkoutOverview" time="0">
    <skipped message="&apos;cucumber.filter.tags=@login&apos; did not match this scenario"/>
  </testcase>
  <testcase name="calcul du totale TTC" classname="checkoutOverview" time="0">
    <skipped message="&apos;cucumber.filter.tags=@login&apos; did not match this scenario"/>
  </testcase>
  <testcase name="finaliser la commande" classname="checkoutOverview" time="0">
    <skipped message="&apos;cucumber.filter.tags=@login&apos; did not match this scenario"/>
  </testcase>
  <testcase name="Verification de la liste des produits" classname="Produits" time="0">
    <skipped message="&apos;cucumber.filter.tags=@login&apos; did not match this scenario"/>
  </testcase>
  <testcase name="verification de l ajout des produits" classname="Produits" time="0">
    <skipped message="&apos;cucumber.filter.tags=@login&apos; did not match this scenario"/>
  </testcase>
  <testcase name="retrait des produits" classname="Produits" time="0">
    <skipped message="&apos;cucumber.filter.tags=@login&apos; did not match this scenario"/>
  </testcase>
  <testcase name="deconnexion" classname="Produits" time="0">
    <skipped message="&apos;cucumber.filter.tags=@login&apos; did not match this scenario"/>
  </testcase>
  <testcase name="reset des card produit" classname="Produits" time="0">
    <skipped message="&apos;cucumber.filter.tags=@login&apos; did not match this scenario"/>
  </testcase>
  <testcase name="reset des produit panier" classname="Produits" time="0">
    <skipped message="&apos;cucumber.filter.tags=@login&apos; did not match this scenario"/>
  </testcase>
</testsuite>